<?xml version="1.0" encoding="UTF-8"?>
<!-- Generated by org.testng.reporters.JUnitXMLReporter -->
<testsuite ignored="0" hostname="LAPTOP-JK7K9216" failures="0" tests="3" name="Default test" time="7.65" errors="0" timestamp="2024-07-05T12:07:10 EDT">
  <testcase classname="TestScript.MetricUnit_Script" name="TC_001" time="0.764"/>
  <testcase classname="TestScript.MetricUnit_Script" name="TC_002" time="0.652"/>
  <testcase classname="TestScript.MetricUnit_Script" name="TC_003" time="1.74"/>
</testsuite> <!-- Default test -->
