<?xml version="1.0" encoding="UTF-8"?>
<testng-results ignored="0" total="3" passed="3" failed="0" skipped="0">
  <reporter-output>
  </reporter-output>
  <suite started-at="2024-07-05T12:07:03 EDT" name="Default suite" finished-at="2024-07-05T12:07:10 EDT" duration-ms="7650">
    <groups>
    </groups>
    <test started-at="2024-07-05T12:07:03 EDT" name="Default test" finished-at="2024-07-05T12:07:10 EDT" duration-ms="7650">
      <class name="TestScript.MetricUnit_Script">
        <test-method is-config="true" signature="initialization()[pri:0, instance:TestScript.MetricUnit_Script@bae7dc0]" started-at="2024-07-05T12:07:03 EDT" name="initialization" finished-at="2024-07-05T12:07:04 EDT" duration-ms="1697" status="PASS">
          <reporter-output>
          </reporter-output>
        </test-method> <!-- initialization -->
        <test-method signature="TC_001()[pri:0, instance:TestScript.MetricUnit_Script@bae7dc0]" started-at="2024-07-05T12:07:04 EDT" name="TC_001" description="Verify that the User is able to Calculate with Valid input Data" finished-at="2024-07-05T12:07:05 EDT" duration-ms="764" status="PASS">
          <reporter-output>
          </reporter-output>
        </test-method> <!-- TC_001 -->
        <test-method is-config="true" signature="Teardown()[pri:0, instance:TestScript.MetricUnit_Script@bae7dc0]" started-at="2024-07-05T12:07:05 EDT" name="Teardown" finished-at="2024-07-05T12:07:05 EDT" duration-ms="133" status="PASS">
          <reporter-output>
          </reporter-output>
        </test-method> <!-- Teardown -->
        <test-method is-config="true" signature="initialization()[pri:0, instance:TestScript.MetricUnit_Script@bae7dc0]" started-at="2024-07-05T12:07:05 EDT" name="initialization" finished-at="2024-07-05T12:07:07 EDT" duration-ms="1176" status="PASS">
          <reporter-output>
          </reporter-output>
        </test-method> <!-- initialization -->
        <test-method signature="TC_002()[pri:0, instance:TestScript.MetricUnit_Script@bae7dc0]" started-at="2024-07-05T12:07:07 EDT" name="TC_002" description="Verify that the User is able to Reset all fields" finished-at="2024-07-05T12:07:07 EDT" duration-ms="652" status="PASS">
          <reporter-output>
          </reporter-output>
        </test-method> <!-- TC_002 -->
        <test-method is-config="true" signature="Teardown()[pri:0, instance:TestScript.MetricUnit_Script@bae7dc0]" started-at="2024-07-05T12:07:07 EDT" name="Teardown" finished-at="2024-07-05T12:07:07 EDT" duration-ms="132" status="PASS">
          <reporter-output>
          </reporter-output>
        </test-method> <!-- Teardown -->
        <test-method is-config="true" signature="initialization()[pri:0, instance:TestScript.MetricUnit_Script@bae7dc0]" started-at="2024-07-05T12:07:07 EDT" name="initialization" finished-at="2024-07-05T12:07:08 EDT" duration-ms="1180" status="PASS">
          <reporter-output>
          </reporter-output>
        </test-method> <!-- initialization -->
        <test-method signature="TC_003()[pri:0, instance:TestScript.MetricUnit_Script@bae7dc0]" started-at="2024-07-05T12:07:08 EDT" name="TC_003" description="Verify that the User Should not be able to Calculate with invalid input data" finished-at="2024-07-05T12:07:10 EDT" duration-ms="1740" status="PASS">
          <reporter-output>
          </reporter-output>
        </test-method> <!-- TC_003 -->
        <test-method is-config="true" signature="Teardown()[pri:0, instance:TestScript.MetricUnit_Script@bae7dc0]" started-at="2024-07-05T12:07:10 EDT" name="Teardown" finished-at="2024-07-05T12:07:10 EDT" duration-ms="146" status="PASS">
          <reporter-output>
          </reporter-output>
        </test-method> <!-- Teardown -->
      </class> <!-- TestScript.MetricUnit_Script -->
    </test> <!-- Default test -->
  </suite> <!-- Default suite -->
</testng-results>
