<?xml version="1.0" encoding="UTF-8"?>
<testng-results ignored="1" total="2" passed="1" failed="0" skipped="0">
  <reporter-output>
  </reporter-output>
  <suite started-at="2024-07-04T20:57:40 EDT" name="Default suite" finished-at="2024-07-04T20:57:42 EDT" duration-ms="2478">
    <groups>
    </groups>
    <test started-at="2024-07-04T20:57:40 EDT" name="Default test" finished-at="2024-07-04T20:57:42 EDT" duration-ms="2478">
      <class name="TestScript.MetricUnit_Script">
        <test-method is-config="true" signature="initialization()[pri:0, instance:TestScript.MetricUnit_Script@c88a337]" started-at="2024-07-04T20:57:40 EDT" name="initialization" finished-at="2024-07-04T20:57:41 EDT" duration-ms="1641" status="PASS">
          <reporter-output>
          </reporter-output>
        </test-method> <!-- initialization -->
        <test-method signature="TC_002()[pri:0, instance:TestScript.MetricUnit_Script@c88a337]" started-at="2024-07-04T20:57:41 EDT" name="TC_002" description="Verify that the User is able to Reset all fields" finished-at="2024-07-04T20:57:42 EDT" duration-ms="683" status="PASS">
          <reporter-output>
          </reporter-output>
        </test-method> <!-- TC_002 -->
        <test-method is-config="true" signature="Teardown()[pri:0, instance:TestScript.MetricUnit_Script@c88a337]" started-at="2024-07-04T20:57:42 EDT" name="Teardown" finished-at="2024-07-04T20:57:42 EDT" duration-ms="130" status="PASS">
          <reporter-output>
          </reporter-output>
        </test-method> <!-- Teardown -->
      </class> <!-- TestScript.MetricUnit_Script -->
    </test> <!-- Default test -->
  </suite> <!-- Default suite -->
</testng-results>
